<?xml version="1.0" encoding="UTF-8"?>
<testng-results ignored="0" total="8" passed="8" failed="0" skipped="0">
  <reporter-output>
  </reporter-output>
  <suite started-at="2024-05-15T05:51:16 GMT" name="vendor-portal" finished-at="2024-05-15T05:51:27 GMT" duration-ms="11960">
    <groups>
    </groups>
    <test started-at="2024-05-15T05:51:16 GMT" name="vendor-count-4" finished-at="2024-05-15T05:51:24 GMT" duration-ms="8419">
      <class name="org.udemy.globant.tests.vendorportal.VendorPortalTest">
        <test-method is-config="true" signature="setupConfig()[pri:0, instance:org.udemy.globant.tests.vendorportal.VendorPortalTest@12d3a4e9]" started-at="2024-05-15T05:51:16 GMT" name="setupConfig" finished-at="2024-05-15T05:51:16 GMT" duration-ms="22" status="PASS">
          <reporter-output>
          </reporter-output>
        </test-method> <!-- setupConfig -->
        <test-method is-config="true" signature="setDriver(org.testng.ITestContext)[pri:0, instance:org.udemy.globant.tests.vendorportal.VendorPortalTest@12d3a4e9]" started-at="2024-05-15T05:51:16 GMT" name="setDriver" finished-at="2024-05-15T05:51:18 GMT" duration-ms="2186" status="PASS">
          <params>
            <param index="0">
              <value>
                <![CDATA[org.testng.TestRunner@769f71a9]]>
              </value>
            </param>
          </params>
          <reporter-output>
          </reporter-output>
        </test-method> <!-- setDriver -->
        <test-method is-config="true" signature="setPages(java.lang.String)[pri:0, instance:org.udemy.globant.tests.vendorportal.VendorPortalTest@12d3a4e9]" started-at="2024-05-15T05:51:18 GMT" name="setPages" finished-at="2024-05-15T05:51:18 GMT" depends-on-methods="org.udemy.globant.tests.AbstractTest.setDriver" duration-ms="226" status="PASS">
          <params>
            <param index="0">
              <value>
                <![CDATA[test-data/vendor-portal/john.json]]>
              </value>
            </param>
          </params>
          <reporter-output>
          </reporter-output>
        </test-method> <!-- setPages -->
        <test-method signature="loginTest()[pri:0, instance:org.udemy.globant.tests.vendorportal.VendorPortalTest@12d3a4e9]" started-at="2024-05-15T05:51:18 GMT" name="loginTest" finished-at="2024-05-15T05:51:20 GMT" duration-ms="2455" status="PASS">
          <reporter-output>
          </reporter-output>
        </test-method> <!-- loginTest -->
        <test-method signature="dashboardTest()[pri:0, instance:org.udemy.globant.tests.vendorportal.VendorPortalTest@12d3a4e9]" started-at="2024-05-15T05:51:20 GMT" name="dashboardTest" finished-at="2024-05-15T05:51:24 GMT" depends-on-methods="org.udemy.globant.tests.vendorportal.VendorPortalTest.loginTest" duration-ms="3170" status="PASS">
          <reporter-output>
          </reporter-output>
        </test-method> <!-- dashboardTest -->
        <test-method is-config="true" signature="closeDriver()[pri:0, instance:org.udemy.globant.tests.vendorportal.VendorPortalTest@12d3a4e9]" started-at="2024-05-15T05:51:24 GMT" name="closeDriver" finished-at="2024-05-15T05:51:24 GMT" duration-ms="333" status="PASS">
          <reporter-output>
          </reporter-output>
        </test-method> <!-- closeDriver -->
      </class> <!-- org.udemy.globant.tests.vendorportal.VendorPortalTest -->
    </test> <!-- vendor-count-4 -->
    <test started-at="2024-05-15T05:51:16 GMT" name="vendor-count-1" finished-at="2024-05-15T05:51:26 GMT" duration-ms="10611">
      <class name="org.udemy.globant.tests.vendorportal.VendorPortalTest">
        <test-method is-config="true" signature="setDriver(org.testng.ITestContext)[pri:0, instance:org.udemy.globant.tests.vendorportal.VendorPortalTest@3b2c72c2]" started-at="2024-05-15T05:51:16 GMT" name="setDriver" finished-at="2024-05-15T05:51:18 GMT" duration-ms="2182" status="PASS">
          <params>
            <param index="0">
              <value>
                <![CDATA[org.testng.TestRunner@4c9f8c13]]>
              </value>
            </param>
          </params>
          <reporter-output>
          </reporter-output>
        </test-method> <!-- setDriver -->
        <test-method is-config="true" signature="setPages(java.lang.String)[pri:0, instance:org.udemy.globant.tests.vendorportal.VendorPortalTest@3b2c72c2]" started-at="2024-05-15T05:51:18 GMT" name="setPages" finished-at="2024-05-15T05:51:18 GMT" depends-on-methods="org.udemy.globant.tests.AbstractTest.setDriver" duration-ms="229" status="PASS">
          <params>
            <param index="0">
              <value>
                <![CDATA[test-data/vendor-portal/john.json]]>
              </value>
            </param>
          </params>
          <reporter-output>
          </reporter-output>
        </test-method> <!-- setPages -->
        <test-method signature="loginTest()[pri:0, instance:org.udemy.globant.tests.vendorportal.VendorPortalTest@3b2c72c2]" started-at="2024-05-15T05:51:18 GMT" name="loginTest" finished-at="2024-05-15T05:51:20 GMT" duration-ms="2287" status="PASS">
          <reporter-output>
          </reporter-output>
        </test-method> <!-- loginTest -->
        <test-method signature="dashboardTest()[pri:0, instance:org.udemy.globant.tests.vendorportal.VendorPortalTest@3b2c72c2]" started-at="2024-05-15T05:51:20 GMT" name="dashboardTest" finished-at="2024-05-15T05:51:26 GMT" depends-on-methods="org.udemy.globant.tests.vendorportal.VendorPortalTest.loginTest" duration-ms="5708" status="PASS">
          <reporter-output>
          </reporter-output>
        </test-method> <!-- dashboardTest -->
        <test-method is-config="true" signature="closeDriver()[pri:0, instance:org.udemy.globant.tests.vendorportal.VendorPortalTest@3b2c72c2]" started-at="2024-05-15T05:51:26 GMT" name="closeDriver" finished-at="2024-05-15T05:51:26 GMT" duration-ms="163" status="PASS">
          <reporter-output>
          </reporter-output>
        </test-method> <!-- closeDriver -->
      </class> <!-- org.udemy.globant.tests.vendorportal.VendorPortalTest -->
    </test> <!-- vendor-count-1 -->
    <test started-at="2024-05-15T05:51:16 GMT" name="vendor-count-3" finished-at="2024-05-15T05:51:26 GMT" duration-ms="10916">
      <class name="org.udemy.globant.tests.vendorportal.VendorPortalTest">
        <test-method is-config="true" signature="setDriver(org.testng.ITestContext)[pri:0, instance:org.udemy.globant.tests.vendorportal.VendorPortalTest@2893de87]" started-at="2024-05-15T05:51:16 GMT" name="setDriver" finished-at="2024-05-15T05:51:18 GMT" duration-ms="2181" status="PASS">
          <params>
            <param index="0">
              <value>
                <![CDATA[org.testng.TestRunner@6f96c77]]>
              </value>
            </param>
          </params>
          <reporter-output>
          </reporter-output>
        </test-method> <!-- setDriver -->
        <test-method is-config="true" signature="setPages(java.lang.String)[pri:0, instance:org.udemy.globant.tests.vendorportal.VendorPortalTest@2893de87]" started-at="2024-05-15T05:51:18 GMT" name="setPages" finished-at="2024-05-15T05:51:18 GMT" depends-on-methods="org.udemy.globant.tests.AbstractTest.setDriver" duration-ms="230" status="PASS">
          <params>
            <param index="0">
              <value>
                <![CDATA[test-data/vendor-portal/sam.json]]>
              </value>
            </param>
          </params>
          <reporter-output>
          </reporter-output>
        </test-method> <!-- setPages -->
        <test-method signature="loginTest()[pri:0, instance:org.udemy.globant.tests.vendorportal.VendorPortalTest@2893de87]" started-at="2024-05-15T05:51:18 GMT" name="loginTest" finished-at="2024-05-15T05:51:20 GMT" duration-ms="2278" status="PASS">
          <reporter-output>
          </reporter-output>
        </test-method> <!-- loginTest -->
        <test-method signature="dashboardTest()[pri:0, instance:org.udemy.globant.tests.vendorportal.VendorPortalTest@2893de87]" started-at="2024-05-15T05:51:20 GMT" name="dashboardTest" finished-at="2024-05-15T05:51:26 GMT" depends-on-methods="org.udemy.globant.tests.vendorportal.VendorPortalTest.loginTest" duration-ms="6037" status="PASS">
          <reporter-output>
          </reporter-output>
        </test-method> <!-- dashboardTest -->
        <test-method is-config="true" signature="closeDriver()[pri:0, instance:org.udemy.globant.tests.vendorportal.VendorPortalTest@2893de87]" started-at="2024-05-15T05:51:26 GMT" name="closeDriver" finished-at="2024-05-15T05:51:26 GMT" duration-ms="143" status="PASS">
          <reporter-output>
          </reporter-output>
        </test-method> <!-- closeDriver -->
      </class> <!-- org.udemy.globant.tests.vendorportal.VendorPortalTest -->
    </test> <!-- vendor-count-3 -->
    <test started-at="2024-05-15T05:51:16 GMT" name="vendor-count-2" finished-at="2024-05-15T05:51:27 GMT" duration-ms="11947">
      <class name="org.udemy.globant.tests.vendorportal.VendorPortalTest">
        <test-method is-config="true" signature="setDriver(org.testng.ITestContext)[pri:0, instance:org.udemy.globant.tests.vendorportal.VendorPortalTest@214b199c]" started-at="2024-05-15T05:51:16 GMT" name="setDriver" finished-at="2024-05-15T05:51:18 GMT" duration-ms="2184" status="PASS">
          <params>
            <param index="0">
              <value>
                <![CDATA[org.testng.TestRunner@5ae50ce6]]>
              </value>
            </param>
          </params>
          <reporter-output>
          </reporter-output>
        </test-method> <!-- setDriver -->
        <test-method is-config="true" signature="setPages(java.lang.String)[pri:0, instance:org.udemy.globant.tests.vendorportal.VendorPortalTest@214b199c]" started-at="2024-05-15T05:51:18 GMT" name="setPages" finished-at="2024-05-15T05:51:18 GMT" depends-on-methods="org.udemy.globant.tests.AbstractTest.setDriver" duration-ms="228" status="PASS">
          <params>
            <param index="0">
              <value>
                <![CDATA[test-data/vendor-portal/mike.json]]>
              </value>
            </param>
          </params>
          <reporter-output>
          </reporter-output>
        </test-method> <!-- setPages -->
        <test-method signature="loginTest()[pri:0, instance:org.udemy.globant.tests.vendorportal.VendorPortalTest@214b199c]" started-at="2024-05-15T05:51:18 GMT" name="loginTest" finished-at="2024-05-15T05:51:21 GMT" duration-ms="2525" status="PASS">
          <reporter-output>
          </reporter-output>
        </test-method> <!-- loginTest -->
        <test-method signature="dashboardTest()[pri:0, instance:org.udemy.globant.tests.vendorportal.VendorPortalTest@214b199c]" started-at="2024-05-15T05:51:21 GMT" name="dashboardTest" finished-at="2024-05-15T05:51:27 GMT" depends-on-methods="org.udemy.globant.tests.vendorportal.VendorPortalTest.loginTest" duration-ms="6862" status="PASS">
          <reporter-output>
          </reporter-output>
        </test-method> <!-- dashboardTest -->
        <test-method is-config="true" signature="closeDriver()[pri:0, instance:org.udemy.globant.tests.vendorportal.VendorPortalTest@214b199c]" started-at="2024-05-15T05:51:27 GMT" name="closeDriver" finished-at="2024-05-15T05:51:27 GMT" duration-ms="122" status="PASS">
          <reporter-output>
          </reporter-output>
        </test-method> <!-- closeDriver -->
      </class> <!-- org.udemy.globant.tests.vendorportal.VendorPortalTest -->
    </test> <!-- vendor-count-2 -->
  </suite> <!-- vendor-portal -->
</testng-results>
